build/app/outputs/mapping/release/seeds.txt
com.example.contest_project.MainActivity
com.example.contest_project.MainActivity: MainActivity()
...
io.flutter.embedding.android.KeyData$DeviceType: io.flutter.embedding.android.KeyData$DeviceType[] values()
io.flutter.embedding.engine.renderer.SurfaceTextureWrapper: void detachFromGLContext()
io.flutter.plugin.editing.ImeSyncDeferringInsetsCallback: android.view.WindowInsets access$502(io.flutter.plugin.editing.ImeSyncDeferringInsetsCallback,android.view.WindowInsets)
androidx.lifecycle.ReportFragment$LifecycleCallbacks: void onActivitySaveInstanceState(android.app.Activity,android.os.Bundle)
io.flutter.embedding.engine.FlutterJNI: void lambda$decodeImage$0(long,android.graphics.ImageDecoder,android.graphics.ImageDecoder$ImageInfo,android.graphics.ImageDecoder$Source)
androidx.core.view.WindowInsetsCompat$Impl: androidx.core.graphics.Insets getTappableElementInsets()
androidx.core.view.ViewCompat$Api28Impl: void removeOnUnhandledKeyEventListener(android.view.View,androidx.core.view.ViewCompat$OnUnhandledKeyEventListenerCompat)
androidx.core.view.ViewCompat$Api28Impl: void setAutofillId(android.view.View,androidx.core.view.autofill.AutofillIdCompat)
androidx.core.view.ViewCompat$Api21Impl: void stopNestedScroll(android.view.View)
io.flutter.embedding.engine.renderer.FlutterRenderer$ImageReaderSurfaceProducer: void finalize()
io.flutter.embedding.engine.FlutterJNI: boolean isCodePointEmojiModifier(int)
androidx.core.view.WindowInsetsCompat$Impl20: androidx.core.graphics.Insets getVisibleInsets(android.view.View)
androidx.core.view.ViewCompat$Api28Impl: void setScreenReaderFocusable(android.view.View,boolean)
io.flutter.embedding.engine.FlutterJNI: void notifyLowMemoryWarning()
androidx.core.view.WindowInsetsCompat$Impl29: androidx.core.graphics.Insets getSystemGestureInsets()
io.flutter.embedding.engine.FlutterJNI: void nativeInvokePlatformMessageEmptyResponseCallback(long,int)
io.flutter.view.AccessibilityBridge$Action: io.flutter.view.AccessibilityBridge$Action[] values()
androidx.core.view.WindowInsetsCompat$Impl: boolean isRound()
io.flutter.embedding.engine.FlutterJNI: android.graphics.Bitmap nativeGetBitmap(long)
io.flutter.embedding.engine.renderer.FlutterRenderer$ImageReaderSurfaceProducer: void release()
io.flutter.embedding.engine.FlutterJNI: void setPlatformViewsController(io.flutter.plugin.platform.PlatformViewsController)
io.flutter.embedding.engine.FlutterJNI: void invokePlatformMessageEmptyResponseCallback(int)
io.flutter.view.AccessibilityViewEmbedder: void setFlutterNodeParent(android.view.accessibility.AccessibilityNodeInfo,android.view.View,android.view.accessibility.AccessibilityNodeInfo)
androidx.core.view.WindowInsetsCompat$Impl: WindowInsetsCompat$Impl(androidx.core.view.WindowInsetsCompat)
androidx.core.view.WindowInsetsCompat$Impl29: void setStableInsets(androidx.core.graphics.Insets)
androidx.core.view.ViewCompat$Api21Impl: void setBackgroundTintMode(android.view.View,android.graphics.PorterDuff$Mode)
androidx.core.app.RemoteActionCompat: RemoteActionCompat()
io.flutter.embedding.engine.renderer.FlutterRenderer$ImageReaderSurfaceProducer: void maybeWaitOnFence(android.media.Image)
kotlin.coroutines.intrinsics.CoroutineSingletons: kotlin.coroutines.intrinsics.CoroutineSingletons[] values()
androidx.window.layout.util.ContextCompatHelperApi30: androidx.core.view.WindowInsetsCompat currentWindowInsets(android.content.Context)
androidx.core.view.WindowInsetsCompat$Impl20: boolean equals(java.lang.Object)
io.flutter.view.TextureRegistry$GLTextureConsumer: android.graphics.SurfaceTexture getSurfaceTexture()
io.flutter.embedding.engine.renderer.FlutterRenderer$ImageReaderSurfaceProducer: long id()
io.flutter.embedding.engine.systemchannels.PlatformChannel$ClipboardContentFormat: io.flutter.embedding.engine.systemchannels.PlatformChannel$ClipboardContentFormat valueOf(java.lang.String)
androidx.core.graphics.Insets$Api29Impl: android.graphics.Insets of(int,int,int,int)
io.flutter.embedding.android.FlutterView: void setDelegate(io.flutter.embedding.android.FlutterViewDelegate)