build/app/outputs/mapping/release/mapping.txt
# compiler: R8
# compiler_version: 8.1.56
# min_api: 21
# common_typos_disable
# {"id":"com.android.tools.r8.mapping","version":"2.2"}
# pg_map_id: 7c0dbdd
# pg_map_hash: SHA-256 7c0dbdd2b2b0b2b31195fb17848484c2e58378aacb69ea83635a3ff88199eed2
com.example.contest_project.MainActivity -> com.example.contest_project.MainActivity:
    boolean io.flutter.embedding.android.FlutterActivity.hasRegisteredBackCallback -> a
    io.flutter.embedding.android.FlutterActivityAndFragmentDelegate io.flutter.embedding.android.FlutterActivity.delegate -> b
    androidx.lifecycle.LifecycleRegistry io.flutter.embedding.android.FlutterActivity.lifecycle -> c
    android.window.OnBackInvokedCallback io.flutter.embedding.android.FlutterActivity.onBackInvokedCallback -> d
    int io.flutter.embedding.android.FlutterActivity.FLUTTER_VIEW_ID -> e
    1:1:void io.flutter.embedding.android.FlutterActivity.<clinit>():0:0 -> <clinit>
    1:18:void io.flutter.embedding.android.FlutterActivity.<init>():0:0 -> <init>
    1:18:void <init>():0 -> <init>
    19:29:android.window.OnBackInvokedCallback io.flutter.embedding.android.FlutterActivity.createOnBackInvokedCallback():0:0 -> <init>
    19:29:void io.flutter.embedding.android.FlutterActivity.<init>():0 -> <init>
    19:29:void <init>():0 -> <init>
    30:39:void io.flutter.embedding.android.FlutterActivity.<init>():0:0 -> <init>
    30:39:void <init>():0 -> <init>
    3:10:void io.flutter.embedding.android.FlutterActivity.updateBackGestureProgress(android.window.BackEvent):0:0 -> A
    3:10:void updateBackGestureProgress(android.window.BackEvent):0 -> A
      # {"id":"com.android.tools.r8.synthesized"}
...
kotlin.jvm.internal.ReflectionFactory -> y0.m:
    1:1:java.lang.String renderLambdaToString(kotlin.jvm.internal.FunctionBase):0:0 -> a
      # {"id":"com.android.tools.r8.residualsignature","signature":"(Ly0/f;)Ljava/lang/String;"}
kotlin.random.AbstractPlatformRandom -> z0.a:
    1:1:int nextInt():0:0 -> a
    java.util.Random getImpl() -> b
kotlin.random.FallbackThreadLocalRandom -> z0.c:
    kotlin.random.FallbackThreadLocalRandom$implStorage$1 implStorage -> e
    1:1:void <init>():0:0 -> <init>
    1:1:java.util.Random getImpl():0:0 -> b
kotlin.random.FallbackThreadLocalRandom$implStorage$1 -> z0.b:
    1:6:java.util.Random kotlin.random.FallbackThreadLocalRandom$implStorage$1.initialValue():0:0 -> initialValue
    1:6:java.lang.Object initialValue():0 -> initialValue
kotlin.random.Random -> z0.e:
    kotlin.random.Random$Default Default -> c
    kotlin.random.Random defaultRandom -> d
    3:5:void kotlin.random.Random$Default.<init>(kotlin.jvm.internal.DefaultConstructorMarker):0:0 -> <clinit>
    3:5:void <clinit>():0 -> <clinit>
    6:16:void <clinit>():0:0 -> <clinit>
    void <init>() -> <init>
    int nextInt() -> a
kotlin.random.Random$Default -> z0.d:
    1:1:int nextInt():0:0 -> a
kotlin.random.jdk8.PlatformThreadLocalRandom -> a1.a:
    1:1:java.util.Random getImpl():0:0 -> b
kotlin.ranges.IntProgression -> b1.a:
    int first -> c
    int last -> d
    int step -> e
    17:59:int kotlin.internal.ProgressionUtilKt.mod(int,int):0:0 -> <init>
    17:59:int kotlin.internal.ProgressionUtilKt.differenceModulo(int,int,int):0 -> <init>
    17:59:int kotlin.internal.ProgressionUtilKt.getProgressionLastElement(int,int,int):0 -> <init>
    17:59:void <init>(int,int,int):0 -> <init>
    60:64:void <init>(int,int,int):0:0 -> <init>
    65:72:int kotlin.internal.ProgressionUtilKt.getProgressionLastElement(int,int,int):0:0 -> <init>
    65:72:void <init>(int,int,int):0 -> <init>
    73:88:void <init>(int,int,int):0:0 -> <init>
    1:12:kotlin.collections.IntIterator kotlin.ranges.IntProgression.iterator():0:0 -> iterator
    1:12:java.util.Iterator iterator():0 -> iterator
kotlin.ranges.IntProgressionIterator -> b1.b:
    int step -> a
    int finalElement -> b
    boolean hasNext -> c
    int next -> d
    1:3:void kotlin.collections.IntIterator.<init>():0:0 -> <init>
    1:3:void <init>(int,int,int):0 -> <init>
    4:27:void <init>(int,int,int):0:0 -> <init>
    1:1:java.lang.Object kotlin.collections.IntIterator.next():0:0 -> a
    1:1:int nextInt():0:0 -> b
    1:1:void kotlin.collections.IntIterator.remove():0:0 -> c
    1:1:boolean hasNext():0:0 -> hasNext
    1:5:java.lang.Object next():0:0 -> next
      # {"id":"com.android.tools.r8.synthesized"}
    1:5:void remove():0:0 -> remove
      # {"id":"com.android.tools.r8.synthesized"}
kotlin.ranges.IntRange -> b1.c:
    1:1:void <clinit>():0:0 -> <clinit>
    1:1:void <init>(int,int):0:0 -> <init>
    22:23:int kotlin.ranges.IntProgression.getFirst():0:0 -> equals
    22:23:boolean equals(java.lang.Object):0 -> equals
      # {"id":"com.android.tools.r8.rewriteFrame","conditions":["throws(Ljava/lang/NullPointerException;)"],"actions":["removeInnerFrames(1)"]}
    24:27:boolean equals(java.lang.Object):0:0 -> equals
    28:29:int kotlin.ranges.IntProgression.getLast():0:0 -> equals
    28:29:boolean equals(java.lang.Object):0 -> equals
      # {"id":"com.android.tools.r8.rewriteFrame","conditions":["throws(Ljava/lang/NullPointerException;)"],"actions":["removeInnerFrames(1)"]}
    30:37:boolean equals(java.lang.Object):0:0 -> equals
    1:1:int hashCode():0:0 -> hashCode
    1:1:boolean isEmpty():0:0 -> isEmpty
    1:1:java.lang.String toString():0:0 -> toString
kotlin.reflect.KCallable -> c1.a:
kotlin.reflect.KClass -> c1.b:
kotlin.reflect.KFunction -> c1.c:
kotlin.reflect.KProperty -> c1.d: