build/app/outputs/mapping/release/usage.txt
com.example.contest_project.R$drawable
com.example.contest_project.R$mipmap
com.example.contest_project.R$style
com.example.contest_project.R
com.example.contest_project.MainActivity:
    private static void $r8$constructor$io$flutter$embedding$android$FlutterActivity()
    public final synthetic bridge boolean attachToEngineAutomatically()
    public static boolean attachToEngineAutomatically$io$flutter$embedding$android$FlutterActivity()
    public static void cancelBackGesture()
    public static void cancelBackGesture$io$flutter$embedding$android$FlutterActivity()
    public final synthetic bridge void cleanUpFlutterEngine()
    public static void cleanUpFlutterEngine$io$flutter$embedding$android$FlutterActivity()
    public static void commitBackGesture()
    public static void commitBackGesture$io$flutter$embedding$android$FlutterActivity()
    public final void configureFlutterEngine()
    public static void configureFlutterEngine$io$flutter$embedding$android$FlutterActivity()
    public static void configureStatusBarForFullscreenFlutterExperience()
    public static void configureStatusBarForFullscreenFlutterExperience$io$flutter$embedding$android$FlutterActivity()
    public static void configureWindowForTransparency()
    public static void configureWindowForTransparency$io$flutter$embedding$android$FlutterActivity()
    public static android.view.View createFlutterView()
    public static android.view.View createFlutterView$io$flutter$embedding$android$FlutterActivity()
    public static android.window.OnBackInvokedCallback createOnBackInvokedCallback()
...
androidx.core.hardware.fingerprint.FingerprintManagerCompat$AuthenticationCallback
androidx.core.hardware.fingerprint.FingerprintManagerCompat$AuthenticationResult
androidx.core.hardware.fingerprint.FingerprintManagerCompat$CryptoObject
androidx.core.hardware.fingerprint.FingerprintManagerCompat
androidx.core.internal.package-info
androidx.core.internal.view.SupportMenu
androidx.core.internal.view.SupportMenuItem
androidx.core.internal.view.SupportSubMenu
androidx.core.ktx.R
androidx.core.location.GnssStatusCompat$Callback
androidx.core.location.GnssStatusCompat$ConstellationType
androidx.core.location.GnssStatusCompat
androidx.core.location.GnssStatusWrapper$Api26Impl
androidx.core.location.GnssStatusWrapper$Api30Impl
androidx.core.location.GnssStatusWrapper
androidx.core.location.GpsStatusWrapper
androidx.core.location.LocationCompat$Api26Impl
androidx.core.location.LocationCompat$Api28Impl
androidx.core.location.LocationCompat$Api29Impl
androidx.core.location.LocationCompat$Api33Impl
androidx.core.location.LocationCompat$Api34Impl
androidx.core.location.LocationCompat
androidx.core.location.LocationKt
androidx.core.location.LocationListenerCompat
androidx.core.location.LocationManagerCompat$Api19Impl
androidx.core.location.LocationManagerCompat$Api24Impl
androidx.core.location.LocationManagerCompat$Api28Impl
androidx.core.location.LocationManagerCompat$Api30Impl
androidx.core.location.LocationManagerCompat$Api31Impl
androidx.core.location.LocationManagerCompat$CancellableLocationListener
androidx.core.location.LocationManagerCompat$GnssListenersHolder
androidx.core.location.LocationManagerCompat$GnssMeasurementsTransport
androidx.core.location.LocationManagerCompat$GnssStatusTransport
androidx.core.location.LocationManagerCompat$GpsStatusTransport
androidx.core.location.LocationManagerCompat$InlineHandlerExecutor
androidx.core.location.LocationManagerCompat$LocationListenerKey
androidx.core.location.LocationManagerCompat$LocationListenerTransport
androidx.core.location.LocationManagerCompat$PreRGnssStatusTransport
androidx.core.location.LocationManagerCompat
androidx.core.location.LocationRequestCompat$Api19Impl
androidx.core.location.LocationRequestCompat$Api31Impl
androidx.core.location.LocationRequestCompat$Builder
androidx.core.location.LocationRequestCompat$Quality
androidx.core.location.LocationRequestCompat
androidx.core.math.MathUtils
androidx.core.net.ConnectivityManagerCompat$Api24Impl
androidx.core.net.ConnectivityManagerCompat$RestrictBackgroundStatus
androidx.core.net.ConnectivityManagerCompat
androidx.core.net.DatagramSocketWrapper$DatagramSocketImplWrapper
androidx.core.net.DatagramSocketWrapper
androidx.core.net.MailTo
androidx.core.net.ParseException
androidx.core.net.TrafficStatsCompat$Api24Impl
androidx.core.net.TrafficStatsCompat
androidx.core.net.UriCompat
androidx.core.net.UriKt
androidx.core.os.BuildCompat$Api30Impl
androidx.core.os.BuildCompat$PrereleaseSdkCheck
androidx.core.os.BuildCompat
androidx.core.os.BundleApi21ImplKt
androidx.core.os.BundleCompat$Api33Impl
androidx.core.os.BundleCompat
androidx.core.os.BundleKt
androidx.core.os.CancellationSignal$OnCancelListener
androidx.core.os.CancellationSignal
androidx.core.os.ConfigurationCompat$Api24Impl
androidx.core.os.ConfigurationCompat
androidx.core.os.ContinuationOutcomeReceiver
androidx.core.os.EnvironmentCompat$Api21Impl
androidx.core.os.EnvironmentCompat
androidx.core.os.ExecutorCompat:
    private void <init>()
androidx.core.os.HandlerCompat$Api28Impl
androidx.core.os.HandlerCompat$Api29Impl
androidx.core.os.HandlerCompat
androidx.core.os.HandlerKt$postAtTime$runnable$1
androidx.core.os.HandlerKt$postDelayed$runnable$1
androidx.core.os.HandlerKt
androidx.core.os.LocaleListCompat$Api21Impl
androidx.core.os.LocaleListCompat$Api24Impl
androidx.core.os.LocaleListCompat
androidx.core.os.LocaleListCompatWrapper$Api21Impl
androidx.core.os.LocaleListCompatWrapper
androidx.core.os.LocaleListInterface
androidx.core.os.LocaleListPlatformWrapper